This is pdfTeX, Version 3.1415926-2.5-1.40.14 (MiKTeX 2.9) (preloaded format=pdflatex 2015.2.18)  2 MAR 2015 12:49
entering extended mode
**E:/Git/DigitalDash/Documentation/Capstone*Documents/Report/Report.tex
("E:/Git/DigitalDash/Documentation/Capstone Documents/Report/Report.tex"
LaTeX2e <2011/06/27>
Babel <v3.8m> and hyphenation patterns for english, afrikaans, ancientgreek, ar
abic, armenian, assamese, basque, bengali, bokmal, bulgarian, catalan, coptic, 
croatian, czech, danish, dutch, esperanto, estonian, farsi, finnish, french, ga
lician, german, german-x-2013-05-26, greek, gujarati, hindi, hungarian, iceland
ic, indonesian, interlingua, irish, italian, kannada, kurmanji, latin, latvian,
 lithuanian, malayalam, marathi, mongolian, mongolianlmc, monogreek, ngerman, n
german-x-2013-05-26, nynorsk, oriya, panjabi, pinyin, polish, portuguese, roman
ian, russian, sanskrit, serbian, slovak, slovenian, spanish, swedish, swissgerm
an, tamil, telugu, turkish, turkmen, ukenglish, ukrainian, uppersorbian, usengl
ishmax, welsh, loaded.
("C:\Program Files (x86)\MiKTeX 2.9\tex\latex\base\article.cls"
Document Class: article 2007/10/19 v1.4h Standard LaTeX document class
("C:\Program Files (x86)\MiKTeX 2.9\tex\latex\base\size12.clo"
File: size12.clo 2007/10/19 v1.4h Standard LaTeX file (size option)
)
\c@part=\count79
\c@section=\count80
\c@subsection=\count81
\c@subsubsection=\count82
\c@paragraph=\count83
\c@subparagraph=\count84
\c@figure=\count85
\c@table=\count86
\abovecaptionskip=\skip41
\belowcaptionskip=\skip42
\bibindent=\dimen102
)
("C:\Program Files (x86)\MiKTeX 2.9\tex\latex\geometry\geometry.sty"
Package: geometry 2010/09/12 v5.6 Page Geometry

("C:\Program Files (x86)\MiKTeX 2.9\tex\latex\graphics\keyval.sty"
Package: keyval 1999/03/16 v1.13 key=value parser (DPC)
\KV@toks@=\toks14
)
("C:\Program Files (x86)\MiKTeX 2.9\tex\generic\oberdiek\ifpdf.sty"
Package: ifpdf 2011/01/30 v2.3 Provides the ifpdf switch (HO)
Package ifpdf Info: pdfTeX in PDF mode is detected.
)
("C:\Program Files (x86)\MiKTeX 2.9\tex\generic\oberdiek\ifvtex.sty"
Package: ifvtex 2010/03/01 v1.5 Detect VTeX and its facilities (HO)
Package ifvtex Info: VTeX not detected.
)
("C:\Program Files (x86)\MiKTeX 2.9\tex\generic\ifxetex\ifxetex.sty"
Package: ifxetex 2010/09/12 v0.6 Provides ifxetex conditional
)
\Gm@cnth=\count87
\Gm@cntv=\count88
\c@Gm@tempcnt=\count89
\Gm@bindingoffset=\dimen103
\Gm@wd@mp=\dimen104
\Gm@odd@mp=\dimen105
\Gm@even@mp=\dimen106
\Gm@layoutwidth=\dimen107
\Gm@layoutheight=\dimen108
\Gm@layouthoffset=\dimen109
\Gm@layoutvoffset=\dimen110
\Gm@dimlist=\toks15

("C:\Program Files (x86)\MiKTeX 2.9\tex\latex\geometry\geometry.cfg"))
("C:\Program Files (x86)\MiKTeX 2.9\tex\latex\graphics\graphicx.sty"
Package: graphicx 1999/02/16 v1.0f Enhanced LaTeX Graphics (DPC,SPQR)

("C:\Program Files (x86)\MiKTeX 2.9\tex\latex\graphics\graphics.sty"
Package: graphics 2009/02/05 v1.0o Standard LaTeX Graphics (DPC,SPQR)

("C:\Program Files (x86)\MiKTeX 2.9\tex\latex\graphics\trig.sty"
Package: trig 1999/03/16 v1.09 sin cos tan (DPC)
)
("C:\Program Files (x86)\MiKTeX 2.9\tex\latex\00miktex\graphics.cfg"
File: graphics.cfg 2007/01/18 v1.5 graphics configuration of teTeX/TeXLive
)
Package graphics Info: Driver file: pdftex.def on input line 91.

("C:\Program Files (x86)\MiKTeX 2.9\tex\latex\pdftex-def\pdftex.def"
File: pdftex.def 2011/05/27 v0.06d Graphics/color for pdfTeX

("C:\Program Files (x86)\MiKTeX 2.9\tex\generic\oberdiek\infwarerr.sty"
Package: infwarerr 2010/04/08 v1.3 Providing info/warning/error messages (HO)
)
("C:\Program Files (x86)\MiKTeX 2.9\tex\generic\oberdiek\ltxcmds.sty"
Package: ltxcmds 2011/11/09 v1.22 LaTeX kernel commands for general use (HO)
)
\Gread@gobject=\count90
))
\Gin@req@height=\dimen111
\Gin@req@width=\dimen112
)
("C:\Program Files (x86)\MiKTeX 2.9\tex\latex\float\float.sty"
Package: float 2001/11/08 v1.3d Float enhancements (AL)
\c@float@type=\count91
\float@exts=\toks16
\float@box=\box26
\@float@everytoks=\toks17
\@floatcapt=\box27
)
("C:\Program Files (x86)\MiKTeX 2.9\tex\latex\wrapfig\wrapfig.sty"
\wrapoverhang=\dimen113
\WF@size=\dimen114
\c@WF@wrappedlines=\count92
\WF@box=\box28
\WF@everypar=\toks18
Package: wrapfig 2003/01/31  v 3.6
)
("C:\Program Files (x86)\MiKTeX 2.9\tex\latex\lipsum\lipsum.sty"
Package: lipsum 2014/07/27 v1.3 150 paragraphs of Lorem Ipsum dummy text
\c@lips@count=\count93
)
("E:\Git\DigitalDash\Documentation\Capstone Documents\Report\Report.aux")
LaTeX Font Info:    Checking defaults for OML/cmm/m/it on input line 37.
LaTeX Font Info:    ... okay on input line 37.
LaTeX Font Info:    Checking defaults for T1/cmr/m/n on input line 37.
LaTeX Font Info:    ... okay on input line 37.
LaTeX Font Info:    Checking defaults for OT1/cmr/m/n on input line 37.
LaTeX Font Info:    ... okay on input line 37.
LaTeX Font Info:    Checking defaults for OMS/cmsy/m/n on input line 37.
LaTeX Font Info:    ... okay on input line 37.
LaTeX Font Info:    Checking defaults for OMX/cmex/m/n on input line 37.
LaTeX Font Info:    ... okay on input line 37.
LaTeX Font Info:    Checking defaults for U/cmr/m/n on input line 37.
LaTeX Font Info:    ... okay on input line 37.

*geometry* driver: auto-detecting
*geometry* detected driver: pdftex
*geometry* verbose mode - [ preamble ] result:
* driver: pdftex
* paper: a4paper
* layout: <same size as paper>
* layoutoffset:(h,v)=(0.0pt,0.0pt)
* modes: 
* h-part:(L,W,R)=(89.62709pt, 418.25368pt, 89.6271pt)
* v-part:(T,H,B)=(101.40665pt, 591.5302pt, 152.11pt)
* \paperwidth=597.50787pt
* \paperheight=845.04684pt
* \textwidth=418.25368pt
* \textheight=591.5302pt
* \oddsidemargin=17.3571pt
* \evensidemargin=17.3571pt
* \topmargin=-7.86334pt
* \headheight=12.0pt
* \headsep=25.0pt
* \topskip=12.0pt
* \footskip=30.0pt
* \marginparwidth=44.0pt
* \marginparsep=10.0pt
* \columnsep=10.0pt
* \skip\footins=10.8pt plus 4.0pt minus 2.0pt
* \hoffset=0.0pt
* \voffset=0.0pt
* \mag=1000
* \@twocolumnfalse
* \@twosidefalse
* \@mparswitchfalse
* \@reversemarginfalse
* (1in=72.27pt=25.4mm, 1cm=28.453pt)

("C:\Program Files (x86)\MiKTeX 2.9\tex\context\base\supp-pdf.mkii"
[Loading MPS to PDF converter (version 2006.09.02).]
\scratchcounter=\count94
\scratchdimen=\dimen115
\scratchbox=\box29
\nofMPsegments=\count95
\nofMParguments=\count96
\everyMPshowfont=\toks19
\MPscratchCnt=\count97
\MPscratchDim=\dimen116
\MPnumerator=\count98
\makeMPintoPDFobject=\count99
\everyMPtoPDFconversion=\toks20
)
LaTeX Font Info:    External font `cmex10' loaded for size
(Font)              <12> on input line 69.
LaTeX Font Info:    External font `cmex10' loaded for size
(Font)              <8> on input line 69.
LaTeX Font Info:    External font `cmex10' loaded for size
(Font)              <6> on input line 69.


! LaTeX Error: Environment address undefined.

See the LaTeX manual or LaTeX Companion for explanation.
Type  H <return>  for immediate help.
 ...                                              
                                                  
l.75 \begin{address}
                    
? 
[1

{C:/ProgramData/MiKTeX/2.9/pdftex/config/pdftex.map}]

! LaTeX Error: \begin{abstract} on input line 78 ended by \end{titlepage}.

See the LaTeX manual or LaTeX Companion for explanation.
Type  H <return>  for immediate help.
 ...                                              
                                                  
l.85 \end{titlepage}
                    
? 
("E:\Git\DigitalDash\Documentation\Capstone Documents\Report\Report.toc")
\tf@toc=\write3

[1] [2] <Pictures/placeholder.png, id=16, 281.05pt x 170.6375pt>
File: Pictures/placeholder.png Graphic file (type png)

<use Pictures/placeholder.png>
Package pdftex.def Info: Pictures/placeholder.png used on input line 122.
(pdftex.def)             Requested size: 209.12683pt x 126.97015pt.
 [3 <E:/Git/DigitalDash/Documentation/Capstone Documents/Report/Pictures/placeh
older.png>]

Package wrapfig Warning: wrapfigure used inside a conflicting environment on in
put line 154.

<Pictures/fish.png, id=20, 211.79124pt x 158.5925pt>
File: Pictures/fish.png Graphic file (type png)
 <use Pictures/fish.png>
Package pdftex.def Info: Pictures/fish.png used on input line 156.
(pdftex.def)             Requested size: 158.93843pt x 119.01907pt.


Package wrapfig Warning: Stationary wrapfigure forced to float on input line 16
0.


Package wrapfig Warning: Stationary wrapfigure forced to float on input line 16
0.

[4]

Package wrapfig Warning: Stationary wrapfigure forced to float on input line 16
4.


Package wrapfig Warning: Stationary wrapfigure forced to float on input line 16
8.


Package wrapfig Warning: Stationary wrapfigure forced to float on input line 16
9.


Package wrapfig Warning: Stationary wrapfigure forced to float on input line 17
1.


Package wrapfig Warning: Stationary wrapfigure forced to float on input line 17
2.


Package wrapfig Warning: Stationary wrapfigure forced to float on input line 17
4.


Package wrapfig Warning: Stationary wrapfigure forced to float on input line 17
5.

[5]

Package wrapfig Warning: Stationary wrapfigure forced to float on input line 18
2.


Package wrapfig Warning: Stationary wrapfigure forced to float on input line 18
4.


Package wrapfig Warning: Stationary wrapfigure forced to float on input line 18
6.


Package wrapfig Warning: Stationary wrapfigure forced to float on input line 19
2.


Package wrapfig Warning: Stationary wrapfigure forced to float on input line 19
4.


Package wrapfig Warning: Stationary wrapfigure forced to float on input line 19
8.


Package wrapfig Warning: Stationary wrapfigure forced to float on input line 20
0.


Package wrapfig Warning: Stationary wrapfigure forced to float on input line 20
2.


Package wrapfig Warning: Stationary wrapfigure forced to float on input line 20
4.


Package wrapfig Warning: Stationary wrapfigure forced to float on input line 20
6.


Package wrapfig Warning: Stationary wrapfigure forced to float on input line 21
0.


Package wrapfig Warning: Stationary wrapfigure forced to float on input line 21
2.


Package wrapfig Warning: Stationary wrapfigure forced to float on input line 21
4.

[6]

Package wrapfig Warning: Stationary wrapfigure forced to float on input line 21
6.


Package wrapfig Warning: Stationary wrapfigure forced to float on input line 21
8.


Package wrapfig Warning: Stationary wrapfigure forced to float on input line 22
0.


Package wrapfig Warning: Stationary wrapfigure forced to float on input line 22
2.


Package wrapfig Warning: Stationary wrapfigure forced to float on input line 22
4.


Package wrapfig Warning: Stationary wrapfigure forced to float on input line 22
6.


Package wrapfig Warning: Stationary wrapfigure forced to float on input line 23
5.


Package wrapfig Warning: Stationary wrapfigure forced to float on input line 23
7.


Package wrapfig Warning: Stationary wrapfigure forced to float on input line 23
9.


Package wrapfig Warning: Stationary wrapfigure forced to float on input line 24
3.


Package wrapfig Warning: Stationary wrapfigure forced to float on input line 24
5.


Package wrapfig Warning: Stationary wrapfigure forced to float on input line 25
1.


Package wrapfig Warning: Stationary wrapfigure forced to float on input line 25
3.

[7]

Package wrapfig Warning: Stationary wrapfigure forced to float on input line 25
3.


Package wrapfig Warning: Stationary wrapfigure forced to float on input line 25
9.


Package wrapfig Warning: Stationary wrapfigure forced to float on input line 26
2.


! LaTeX Error: \begin{flushleft} on input line 98 ended by \end{document}.

See the LaTeX manual or LaTeX Companion for explanation.
Type  H <return>  for immediate help.
 ...                                              
                                                  
l.271 \end{document}
                    
? 
[8 <E:/Git/DigitalDash/Documentation/Capstone Documents/Report/Pictures/fish.pn
g>] ("E:\Git\DigitalDash\Documentation\Capstone Documents\Report\Report.aux") )
(\end occurred inside a group at level 3)

### semi simple group (level 3) entered at line 98 (\begingroup)
### semi simple group (level 2) entered at line 75 (\begingroup)
### semi simple group (level 1) entered at line 43 (\begingroup)
### bottom level 
Here is how much of TeX's memory you used:
 1966 strings out of 493921
 26980 string characters out of 3144864
 184877 words of memory out of 3000000
 5266 multiletter control sequences out of 15000+200000
 10659 words of font info for 37 fonts, out of 3000000 for 9000
 841 hyphenation exceptions out of 8191
 27i,5n,19p,277b,401s stack positions out of 5000i,500n,10000p,200000b,50000s
<C:/Program Files (x86)/MiKTeX 2.9/fonts/type1/public/amsfonts/
cm/cmbx10.pfb><C:/Program Files (x86)/MiKTeX 2.9/fonts/type1/public/amsfonts/cm
/cmbx12.pfb><C:/Program Files (x86)/MiKTeX 2.9/fonts/type1/public/amsfonts/cm/c
mcsc10.pfb><C:/Program Files (x86)/MiKTeX 2.9/fonts/type1/public/amsfonts/cm/cm
r10.pfb><C:/Program Files (x86)/MiKTeX 2.9/fonts/type1/public/amsfonts/cm/cmr12
.pfb><C:/Program Files (x86)/MiKTeX 2.9/fonts/type1/public/amsfonts/cm/cmti12.p
fb>
Output written on Report.pdf (9 pages, 117091 bytes).
PDF statistics:
 59 PDF objects out of 1000 (max. 8388607)
 0 named destinations out of 1000 (max. 500000)
 11 words of extra memory for PDF output out of 10000 (max. 10000000)

